The system is: Windows - 10.0.18363 - AMD64
Compiling the C compiler identification source file "CMakeCCompilerId.c" succeeded.
Compiler: C:/Program Files/mingw-w64/x86_64-8.1.0-posix-sjlj-rt_v6-rev0/mingw64/bin/gcc.exe 
Build flags: 
Id flags:  

The output was:
0


Compilation of the C compiler identification source "CMakeCCompilerId.c" produced "a.exe"

The C compiler identification is GNU, found in "F:/Work/AAGG/SM_node/SM_App/CMakeFiles/3.15.5/CompilerIdC/a.exe"

Compiling the CXX compiler identification source file "CMakeCXXCompilerId.cpp" succeeded.
Compiler: C:/Program Files/mingw-w64/x86_64-8.1.0-posix-sjlj-rt_v6-rev0/mingw64/bin/g++.exe 
Build flags: 
Id flags:  

The output was:
0


Compilation of the CXX compiler identification source "CMakeCXXCompilerId.cpp" produced "a.exe"

The CXX compiler identification is GNU, found in "F:/Work/AAGG/SM_node/SM_App/CMakeFiles/3.15.5/CompilerIdCXX/a.exe"

Determining if the C compiler works passed with the following output:
Change Dir: F:/Work/AAGG/SM_node/SM_App/CMakeFiles/CMakeTmp

Run Build Command(s):C:/PROGRA~1/MINGW-~1/X86_64~1.0-P/mingw64/bin/mingw32-make.exe cmTC_e8824/fast && C:/PROGRA~1/MINGW-~1/X86_64~1.0-P/mingw64/bin/mingw32-make.exe -f CMakeFiles\cmTC_e8824.dir\build.make CMakeFiles/cmTC_e8824.dir/build
mingw32-make.exe[1]: Entering directory 'F:/Work/AAGG/SM_node/SM_App/CMakeFiles/CMakeTmp'
Building C object CMakeFiles/cmTC_e8824.dir/testCCompiler.c.obj
C:\PROGRA~1\MINGW-~1\X86_64~1.0-P\mingw64\bin\gcc.exe    -o CMakeFiles\cmTC_e8824.dir\testCCompiler.c.obj   -c F:\Work\AAGG\SM_node\SM_App\CMakeFiles\CMakeTmp\testCCompiler.c
Linking C executable cmTC_e8824.exe
"C:\Program Files\CMake\bin\cmake.exe" -E cmake_link_script CMakeFiles\cmTC_e8824.dir\link.txt --verbose=1
"C:\Program Files\CMake\bin\cmake.exe" -E remove -f CMakeFiles\cmTC_e8824.dir/objects.a
C:\PROGRA~1\MINGW-~1\X86_64~1.0-P\mingw64\bin\ar.exe cr CMakeFiles\cmTC_e8824.dir/objects.a @CMakeFiles\cmTC_e8824.dir\objects1.rsp
C:\PROGRA~1\MINGW-~1\X86_64~1.0-P\mingw64\bin\gcc.exe      -Wl,--whole-archive CMakeFiles\cmTC_e8824.dir/objects.a -Wl,--no-whole-archive  -o cmTC_e8824.exe -Wl,--out-implib,libcmTC_e8824.dll.a -Wl,--major-image-version,0,--minor-image-version,0 @CMakeFiles\cmTC_e8824.dir\linklibs.rsp
mingw32-make.exe[1]: Leaving directory 'F:/Work/AAGG/SM_node/SM_App/CMakeFiles/CMakeTmp'



